{
  "RSpec": {
    "coverage": {
      "/Users/kameron/turing_work/3mod/projects/sweater_weather/spec/requests/api/v1/munchies_spec.rb": {
        "lines": [
          1,
          null,
          1,
          1,
          1,
          1,
          1,
          1,
          null,
          0,
          null,
          0,
          null,
          null,
          null,
          null,
          null
        ]
      },
      "/Users/kameron/turing_work/3mod/projects/sweater_weather/spec/rails_helper.rb": {
        "lines": [
          null,
          1,
          1,
          1,
          null,
          1,
          1,
          null,
          null,
          null,
          null,
          null,
          null,
          null,
          null,
          null,
          null,
          null,
          null,
          null,
          null,
          null,
          null,
          null,
          null,
          null,
          null,
          1,
          null,
          0,
          null,
          1,
          null,
          1,
          null,
          null,
          null,
          null,
          1,
          null,
          null,
          null,
          null,
          null,
          null,
          null,
          null,
          null,
          null,
          null,
          null,
          null,
          null,
          null,
          null,
          null,
          1,
          null,
          null,
          1,
          null,
          null,
          null,
          null,
          1,
          1,
          1,
          4,
          4,
          1,
          1,
          null
        ]
      },
      "/Users/kameron/turing_work/3mod/projects/sweater_weather/config/environment.rb": {
        "lines": [
          null,
          1,
          null,
          null,
          1
        ]
      },
      "/Users/kameron/turing_work/3mod/projects/sweater_weather/config/application.rb": {
        "lines": [
          1,
          null,
          1,
          null,
          1,
          1,
          1,
          1,
          1,
          1,
          1,
          1,
          1,
          1,
          null,
          null,
          null,
          null,
          1,
          null,
          1,
          1,
          null,
          1,
          null,
          null,
          null,
          null,
          null,
          null,
          null,
          null,
          null,
          null,
          null,
          null,
          1,
          null,
          null
        ]
      },
      "/Users/kameron/turing_work/3mod/projects/sweater_weather/config/boot.rb": {
        "lines": [
          1,
          null,
          1,
          1
        ]
      },
      "/Users/kameron/turing_work/3mod/projects/sweater_weather/config/environments/test.rb": {
        "lines": [
          1,
          null,
          null,
          null,
          null,
          null,
          null,
          1,
          null,
          null,
          null,
          1,
          null,
          null,
          null,
          null,
          1,
          null,
          null,
          1,
          1,
          null,
          null,
          null,
          null,
          1,
          1,
          1,
          null,
          null,
          1,
          null,
          null,
          1,
          null,
          null,
          1,
          null,
          1,
          null,
          null,
          null,
          null,
          1,
          null,
          null,
          1,
          null,
          null,
          1,
          null,
          null,
          1,
          null,
          null,
          null,
          null,
          null,
          null,
          null
        ]
      },
      "/Users/kameron/turing_work/3mod/projects/sweater_weather/config/initializers/cors.rb": {
        "lines": [
          null,
          null,
          null,
          null,
          null,
          null,
          null,
          null,
          null,
          null,
          null,
          null,
          null,
          null,
          null,
          null
        ]
      },
      "/Users/kameron/turing_work/3mod/projects/sweater_weather/config/initializers/filter_parameter_logging.rb": {
        "lines": [
          null,
          null,
          null,
          null,
          null,
          1,
          null,
          null
        ]
      },
      "/Users/kameron/turing_work/3mod/projects/sweater_weather/config/initializers/inflections.rb": {
        "lines": [
          null,
          null,
          null,
          null,
          null,
          null,
          null,
          null,
          null,
          null,
          null,
          null,
          null,
          null,
          null,
          null
        ]
      },
      "/Users/kameron/turing_work/3mod/projects/sweater_weather/config/routes.rb": {
        "lines": [
          1,
          null,
          null,
          null,
          null,
          null,
          1,
          1,
          1,
          null,
          null,
          1,
          1,
          null,
          null,
          null
        ]
      },
      "/Users/kameron/turing_work/3mod/projects/sweater_weather/app/controllers/api/v1/munchies_controller.rb": {
        "lines": [
          1,
          1,
          1,
          1,
          null,
          1,
          null,
          null
        ]
      },
      "/Users/kameron/turing_work/3mod/projects/sweater_weather/app/controllers/application_controller.rb": {
        "lines": [
          1,
          null
        ]
      },
      "/Users/kameron/turing_work/3mod/projects/sweater_weather/app/serializers/munchie_serializer.rb": {
        "lines": [
          1,
          1,
          1,
          null
        ]
      },
      "/Users/kameron/turing_work/3mod/projects/sweater_weather/app/facades/munchie_facade.rb": {
        "lines": [
          1,
          1,
          1,
          1,
          1,
          1,
          null,
          null
        ]
      },
      "/Users/kameron/turing_work/3mod/projects/sweater_weather/app/facades/forecast_facade.rb": {
        "lines": [
          1,
          1,
          null,
          null,
          0,
          0,
          0,
          null,
          null,
          1,
          null,
          null,
          1,
          1,
          1,
          null,
          null
        ]
      },
      "/Users/kameron/turing_work/3mod/projects/sweater_weather/app/services/mapquest_service.rb": {
        "lines": [
          1,
          1,
          1,
          1,
          null,
          1,
          null,
          null,
          1,
          null,
          1,
          1,
          1,
          null,
          null,
          null
        ]
      },
      "/Users/kameron/turing_work/3mod/projects/sweater_weather/app/services/weather_api_service.rb": {
        "lines": [
          1,
          1,
          1,
          1,
          1,
          null,
          1,
          null,
          null,
          1,
          null,
          1,
          1,
          1,
          null,
          null,
          null
        ]
      },
      "/Users/kameron/turing_work/3mod/projects/sweater_weather/app/poros/forecast.rb": {
        "lines": [
          1,
          1,
          null,
          1,
          1,
          1,
          1,
          1,
          1,
          null,
          null,
          1,
          null,
          1,
          null,
          null,
          null,
          null,
          null,
          null,
          null,
          null,
          null,
          null,
          1,
          1,
          null,
          5,
          null,
          null,
          null,
          null,
          null,
          null,
          null,
          null,
          null,
          null,
          1,
          1,
          null,
          24,
          null,
          null,
          null,
          null,
          null,
          null,
          null,
          1,
          null,
          1,
          null,
          null,
          null,
          null
        ]
      },
      "/Users/kameron/turing_work/3mod/projects/sweater_weather/app/facades/restaurant_facade.rb": {
        "lines": [
          1,
          1,
          1,
          null,
          null
        ]
      },
      "/Users/kameron/turing_work/3mod/projects/sweater_weather/app/services/restaurant_service.rb": {
        "lines": [
          1,
          1,
          1,
          1,
          null,
          null,
          1,
          1,
          1,
          null,
          null,
          null
        ]
      },
      "/Users/kameron/turing_work/3mod/projects/sweater_weather/app/poros/munchie.rb": {
        "lines": [
          1,
          1,
          null,
          1,
          1,
          1,
          1,
          null,
          null,
          1,
          null,
          1,
          null,
          null,
          null,
          null,
          null,
          null
        ]
      }
    },
    "timestamp": 1705342234
  }
}
